{
  "RSpec": {
    "coverage": {
      "/Users/Vane/turing/3module/rales_engine/spec/models/customer_spec.rb": [
        1,
        null,
        1,
        4,
        null,
        1,
        1,
        null,
        null,
        1,
        1,
        1,
        null,
        null,
        1,
        1,
        1,
        null,
        null
      ],
      "/Users/Vane/turing/3module/rales_engine/spec/rails_helper.rb": [
        null,
        1,
        1,
        null,
        1,
        1,
        1,
        null,
        null,
        null,
        null,
        null,
        null,
        null,
        null,
        null,
        null,
        null,
        null,
        null,
        null,
        null,
        null,
        null,
        null,
        null,
        1,
        null,
        1,
        null,
        1,
        null,
        null,
        null,
        null,
        1,
        null,
        null,
        null,
        null,
        null,
        null,
        null,
        null,
        null,
        null,
        null,
        null,
        null,
        null,
        1,
        null
      ],
      "/Users/Vane/turing/3module/rales_engine/config/environment.rb": [
        null,
        1,
        null,
        null,
        1
      ],
      "/Users/Vane/turing/3module/rales_engine/config/application.rb": [
        1,
        null,
        1,
        null,
        1,
        1,
        1,
        1,
        1,
        1,
        1,
        null,
        null,
        null,
        null,
        1,
        null,
        1,
        1,
        null,
        null,
        null,
        null,
        null,
        null,
        null,
        null,
        null,
        null,
        null,
        null,
        null,
        1,
        null,
        null
      ],
      "/Users/Vane/turing/3module/rales_engine/config/boot.rb": [
        1,
        null,
        1
      ],
      "/Users/Vane/turing/3module/rales_engine/config/environments/test.rb": [
        1,
        null,
        null,
        null,
        null,
        null,
        null,
        1,
        null,
        null,
        null,
        null,
        1,
        null,
        null,
        1,
        1,
        null,
        null,
        1,
        1,
        null,
        null,
        1,
        null,
        null,
        1,
        null,
        null,
        null,
        null,
        1,
        null,
        null,
        1,
        null,
        null,
        1,
        null,
        null,
        null,
        null
      ],
      "/Users/Vane/turing/3module/rales_engine/config/initializers/assets.rb": [
        null,
        null,
        null,
        1,
        null,
        null,
        null,
        null,
        null,
        null,
        null
      ],
      "/Users/Vane/turing/3module/rales_engine/config/initializers/backtrace_silencers.rb": [
        null,
        null,
        null,
        null,
        null,
        null,
        null
      ],
      "/Users/Vane/turing/3module/rales_engine/config/initializers/cookies_serializer.rb": [
        null,
        null,
        1
      ],
      "/Users/Vane/turing/3module/rales_engine/config/initializers/filter_parameter_logging.rb": [
        null,
        null,
        null,
        1
      ],
      "/Users/Vane/turing/3module/rales_engine/config/initializers/inflections.rb": [
        null,
        null,
        null,
        null,
        null,
        null,
        null,
        null,
        null,
        null,
        null,
        null,
        null,
        null,
        null,
        null
      ],
      "/Users/Vane/turing/3module/rales_engine/config/initializers/mime_types.rb": [
        null,
        null,
        null,
        null
      ],
      "/Users/Vane/turing/3module/rales_engine/config/initializers/session_store.rb": [
        null,
        null,
        1
      ],
      "/Users/Vane/turing/3module/rales_engine/config/initializers/wrap_parameters.rb": [
        null,
        null,
        null,
        null,
        null,
        null,
        1,
        1,
        null,
        null,
        null,
        null,
        null,
        null
      ],
      "/Users/Vane/turing/3module/rales_engine/config/routes.rb": [
        1,
        null,
        null,
        null,
        null,
        null,
        null,
        null,
        null,
        null,
        null,
        null,
        null,
        null,
        null,
        null,
        null,
        null,
        null,
        null,
        null,
        null,
        null,
        null,
        null,
        null,
        null,
        null,
        null,
        null,
        null,
        null,
        null,
        null,
        null,
        null,
        null,
        null,
        null,
        null,
        null,
        null,
        null,
        null,
        null,
        null,
        null,
        null,
        null,
        null,
        null,
        null,
        null,
        null,
        null,
        null
      ],
      "/Users/Vane/turing/3module/rales_engine/app/helpers/application_helper.rb": [
        1,
        null
      ],
      "/Users/Vane/turing/3module/rales_engine/app/models/customer.rb": [
        1,
        1,
        1,
        null
      ],
      "/Users/Vane/turing/3module/rales_engine/spec/models/invoice_spec.rb": [
        1,
        null,
        1,
        5,
        null,
        1,
        1,
        null,
        null,
        1,
        1,
        1,
        null,
        null,
        1,
        1,
        1,
        null,
        null,
        1,
        1,
        1,
        null,
        null
      ],
      "/Users/Vane/turing/3module/rales_engine/app/models/invoice.rb": [
        1,
        1,
        1,
        null,
        1,
        1,
        1,
        null
      ],
      "/Users/Vane/turing/3module/rales_engine/spec/models/item_spec.rb": [
        1,
        null,
        1,
        6,
        null,
        1,
        1,
        null,
        null,
        1,
        1,
        1,
        null,
        null,
        1,
        1,
        1,
        null,
        null,
        1,
        1,
        1,
        null,
        null,
        1,
        1,
        1,
        null,
        null
      ],
      "/Users/Vane/turing/3module/rales_engine/app/models/item.rb": [
        1,
        1,
        null,
        1,
        1,
        1,
        1,
        null
      ],
      "/Users/Vane/turing/3module/rales_engine/spec/models/merchant_spec.rb": [
        1,
        null,
        1,
        3,
        null,
        1,
        1,
        null,
        null,
        1,
        1,
        1,
        null,
        null
      ],
      "/Users/Vane/turing/3module/rales_engine/app/models/merchant.rb": [
        1,
        1,
        null
      ],
      "/Users/Vane/turing/3module/rales_engine/spec/models/transaction_spec.rb": [
        1,
        null,
        1,
        5,
        null,
        1,
        1,
        null,
        null,
        1,
        1,
        1,
        null,
        null,
        1,
        1,
        1,
        null,
        null,
        1,
        1,
        1,
        null,
        null
      ],
      "/Users/Vane/turing/3module/rales_engine/app/models/transaction.rb": [
        1,
        1,
        null,
        1,
        1,
        1,
        null
      ]
    },
    "timestamp": 1438030667
  }
}
